<?xml version="1.0" encoding="UTF-8"?>
<testng-results ignored="0" total="1" passed="1" failed="0" skipped="0">
  <reporter-output>
  </reporter-output>
  <suite started-at="2024-07-29T02:58:59 IST" name="Default suite" finished-at="2024-07-29T02:59:22 IST" duration-ms="22841">
    <groups>
    </groups>
    <test started-at="2024-07-29T02:58:59 IST" name="Default test" finished-at="2024-07-29T02:59:22 IST" duration-ms="22841">
      <class name="testCase.Login_Test">
        <test-method is-config="true" signature="SetUp()[pri:0, instance:testCase.Login_Test@4b14918a]" started-at="2024-07-29T02:58:59 IST" name="SetUp" finished-at="2024-07-29T02:59:08 IST" duration-ms="9439" status="PASS">
          <reporter-output>
          </reporter-output>
        </test-method> <!-- SetUp -->
        <test-method signature="login_page()[pri:0, instance:testCase.Login_Test@4b14918a]" started-at="2024-07-29T02:59:08 IST" name="login_page" finished-at="2024-07-29T02:59:20 IST" duration-ms="11691" status="PASS">
          <reporter-output>
          </reporter-output>
        </test-method> <!-- login_page -->
        <test-method is-config="true" signature="tearDown()[pri:0, instance:testCase.Login_Test@4b14918a]" started-at="2024-07-29T02:59:20 IST" name="tearDown" finished-at="2024-07-29T02:59:22 IST" duration-ms="1554" status="PASS">
          <reporter-output>
          </reporter-output>
        </test-method> <!-- tearDown -->
      </class> <!-- testCase.Login_Test -->
    </test> <!-- Default test -->
  </suite> <!-- Default suite -->
</testng-results>
