<?xml version="1.0" encoding="UTF-8"?>
<testng-results ignored="0" total="3" passed="3" failed="0" skipped="0">
  <reporter-output>
  </reporter-output>
  <suite started-at="2024-06-30T09:23:41 IST" name="Default suite" finished-at="2024-06-30T09:23:54 IST" duration-ms="12452">
    <groups>
    </groups>
    <test started-at="2024-06-30T09:23:41 IST" name="Default test" finished-at="2024-06-30T09:23:54 IST" duration-ms="12452">
      <class name="pack1.com.BASIC">
        <test-method signature="test1()[pri:0, instance:pack1.com.BASIC@4afcd809]" started-at="2024-06-30T09:23:41 IST" name="test1" finished-at="2024-06-30T09:23:54 IST" duration-ms="12102" status="PASS">
          <reporter-output>
          </reporter-output>
        </test-method> <!-- test1 -->
        <test-method signature="test2()[pri:0, instance:pack1.com.BASIC@4afcd809]" started-at="2024-06-30T09:23:54 IST" name="test2" finished-at="2024-06-30T09:23:54 IST" duration-ms="8" status="PASS">
          <reporter-output>
          </reporter-output>
        </test-method> <!-- test2 -->
        <test-method signature="test3()[pri:0, instance:pack1.com.BASIC@4afcd809]" started-at="2024-06-30T09:23:54 IST" name="test3" finished-at="2024-06-30T09:23:54 IST" duration-ms="63" status="PASS">
          <reporter-output>
          </reporter-output>
        </test-method> <!-- test3 -->
      </class> <!-- pack1.com.BASIC -->
    </test> <!-- Default test -->
  </suite> <!-- Default suite -->
</testng-results>
